d:\lenovo_poc\legionglasses\reshade\examples\createswapchain\x64\debug\createswapchain.pch
d:\lenovo_poc\legionglasses\reshade\examples\createswapchain\x64\debug\vc143.pdb
d:\lenovo_poc\legionglasses\reshade\examples\createswapchain\x64\debug\vc143.idb
d:\lenovo_poc\legionglasses\reshade\examples\createswapchain\x64\debug\pch.obj
d:\lenovo_poc\legionglasses\reshade\examples\createswapchain\x64\debug\dllmain.obj
d:\lenovo_poc\legionglasses\reshade\examples\createswapchain\x64\debug\createswapchain.obj
d:\lenovo_poc\legionglasses\reshade\examples\createswapchain\x64\debug\dx11graphics.obj
d:\lenovo_poc\legionglasses\reshade\examples\x64\debug\pixelshader.cso
d:\lenovo_poc\legionglasses\reshade\examples\x64\debug\vertexshader.cso
d:\lenovo_poc\legionglasses\reshade\examples\x64\debug\createswapchain.addon64
d:\lenovo_poc\legionglasses\reshade\examples\x64\debug\createswapchain.pdb
d:\lenovo_poc\legionglasses\reshade\examples\x64\debug\createswapchain.lib
d:\lenovo_poc\legionglasses\reshade\examples\x64\debug\createswapchain.exp
d:\lenovo_poc\legionglasses\reshade\examples\createswapchain\x64\debug\createswapchain.ilk
d:\lenovo_poc\legionglasses\reshade\examples\createswapchain\x64\debug\dllmain.obj.enc
d:\lenovo_poc\legionglasses\reshade\examples\createswapchain\x64\debug\createswapchain.tlog\cl.command.1.tlog
d:\lenovo_poc\legionglasses\reshade\examples\createswapchain\x64\debug\createswapchain.tlog\cl.items.tlog
d:\lenovo_poc\legionglasses\reshade\examples\createswapchain\x64\debug\createswapchain.tlog\cl.read.1.tlog
d:\lenovo_poc\legionglasses\reshade\examples\createswapchain\x64\debug\createswapchain.tlog\cl.write.1.tlog
d:\lenovo_poc\legionglasses\reshade\examples\createswapchain\x64\debug\createswapchain.tlog\fxc.command.1.tlog
d:\lenovo_poc\legionglasses\reshade\examples\createswapchain\x64\debug\createswapchain.tlog\fxc.read.1.tlog
d:\lenovo_poc\legionglasses\reshade\examples\createswapchain\x64\debug\createswapchain.tlog\fxc.write.1.tlog
d:\lenovo_poc\legionglasses\reshade\examples\createswapchain\x64\debug\createswapchain.tlog\link.command.1.tlog
d:\lenovo_poc\legionglasses\reshade\examples\createswapchain\x64\debug\createswapchain.tlog\link.read.1.tlog
d:\lenovo_poc\legionglasses\reshade\examples\createswapchain\x64\debug\createswapchain.tlog\link.secondary.1.tlog
d:\lenovo_poc\legionglasses\reshade\examples\createswapchain\x64\debug\createswapchain.tlog\link.write.1.tlog
